mode: set
github.com/jcatterton/GoNeat/GoNeat/node.go:16.149,18.2 1 0
github.com/jcatterton/GoNeat/GoNeat/node.go:20.35,22.2 1 1
github.com/jcatterton/GoNeat/GoNeat/node.go:24.27,26.2 1 1
github.com/jcatterton/GoNeat/GoNeat/node.go:28.29,30.2 1 1
github.com/jcatterton/GoNeat/GoNeat/node.go:32.54,34.2 1 1
github.com/jcatterton/GoNeat/GoNeat/node.go:36.53,38.2 1 1
github.com/jcatterton/GoNeat/GoNeat/node.go:40.55,42.2 1 1
github.com/jcatterton/GoNeat/GoNeat/node.go:44.54,46.2 1 1
github.com/jcatterton/GoNeat/GoNeat/node.go:48.64,49.38 1 1
github.com/jcatterton/GoNeat/GoNeat/node.go:57.2,57.11 1 1
github.com/jcatterton/GoNeat/GoNeat/node.go:49.38,50.35 1 1
github.com/jcatterton/GoNeat/GoNeat/node.go:50.35,55.4 3 1
github.com/jcatterton/GoNeat/GoNeat/node.go:60.63,61.37 1 1
github.com/jcatterton/GoNeat/GoNeat/node.go:69.2,69.11 1 1
github.com/jcatterton/GoNeat/GoNeat/node.go:61.37,62.34 1 1
github.com/jcatterton/GoNeat/GoNeat/node.go:62.34,67.4 3 1
github.com/jcatterton/GoNeat/GoNeat/node.go:72.42,74.2 1 1
github.com/jcatterton/GoNeat/GoNeat/node.go:76.41,78.2 1 1
github.com/jcatterton/GoNeat/GoNeat/node.go:80.36,82.2 1 1
github.com/jcatterton/GoNeat/GoNeat/node.go:84.37,86.2 1 1
github.com/jcatterton/GoNeat/GoNeat/node.go:88.42,90.2 1 1
github.com/jcatterton/GoNeat/GoNeat/node.go:92.43,94.2 1 1
github.com/jcatterton/GoNeat/GoNeat/node.go:96.26,98.21 2 1
github.com/jcatterton/GoNeat/GoNeat/node.go:98.21,100.3 1 1
github.com/jcatterton/GoNeat/GoNeat/node.go:100.8,102.3 1 1
github.com/jcatterton/GoNeat/GoNeat/node.go:105.31,107.2 1 1
github.com/jcatterton/GoNeat/GoNeat/node.go:109.32,111.2 1 1
github.com/jcatterton/GoNeat/GoNeat/node.go:113.44,114.43 1 1
github.com/jcatterton/GoNeat/GoNeat/node.go:119.2,119.42 1 1
github.com/jcatterton/GoNeat/GoNeat/node.go:124.2,124.14 1 1
github.com/jcatterton/GoNeat/GoNeat/node.go:114.43,115.51 1 1
github.com/jcatterton/GoNeat/GoNeat/node.go:115.51,117.4 1 1
github.com/jcatterton/GoNeat/GoNeat/node.go:119.42,120.50 1 1
github.com/jcatterton/GoNeat/GoNeat/node.go:120.50,122.4 1 1
github.com/jcatterton/GoNeat/GoNeat/node.go:127.30,131.2 2 1
github.com/jcatterton/GoNeat/GoNeat/population.go:13.61,15.25 2 1
github.com/jcatterton/GoNeat/GoNeat/population.go:18.2,19.22 2 1
github.com/jcatterton/GoNeat/GoNeat/population.go:15.25,17.3 1 1
github.com/jcatterton/GoNeat/GoNeat/population.go:22.46,24.2 1 1
github.com/jcatterton/GoNeat/GoNeat/population.go:26.47,28.2 1 1
github.com/jcatterton/GoNeat/GoNeat/population.go:30.42,32.2 1 1
github.com/jcatterton/GoNeat/GoNeat/population.go:34.44,36.2 1 1
github.com/jcatterton/GoNeat/GoNeat/population.go:38.49,40.2 1 1
github.com/jcatterton/GoNeat/GoNeat/population.go:42.41,43.28 1 1
github.com/jcatterton/GoNeat/GoNeat/population.go:46.2,48.32 2 1
github.com/jcatterton/GoNeat/GoNeat/population.go:51.2,51.32 1 1
github.com/jcatterton/GoNeat/GoNeat/population.go:43.28,45.3 1 1
github.com/jcatterton/GoNeat/GoNeat/population.go:48.32,50.3 1 1
github.com/jcatterton/GoNeat/GoNeat/population.go:51.32,52.82 1 1
github.com/jcatterton/GoNeat/GoNeat/population.go:52.82,56.4 3 0
github.com/jcatterton/GoNeat/GoNeat/population.go:60.43,62.2 1 1
github.com/jcatterton/GoNeat/GoNeat/population.go:64.44,66.2 1 1
github.com/jcatterton/GoNeat/GoNeat/population.go:68.40,69.32 1 1
github.com/jcatterton/GoNeat/GoNeat/population.go:69.32,70.92 1 1
github.com/jcatterton/GoNeat/GoNeat/population.go:70.92,72.66 2 1
github.com/jcatterton/GoNeat/GoNeat/population.go:76.4,76.60 1 1
github.com/jcatterton/GoNeat/GoNeat/population.go:80.4,81.29 2 1
github.com/jcatterton/GoNeat/GoNeat/population.go:72.66,74.5 1 1
github.com/jcatterton/GoNeat/GoNeat/population.go:76.60,78.5 1 0
github.com/jcatterton/GoNeat/GoNeat/population.go:86.52,87.32 1 1
github.com/jcatterton/GoNeat/GoNeat/population.go:94.2,94.26 1 0
github.com/jcatterton/GoNeat/GoNeat/population.go:87.32,88.49 1 1
github.com/jcatterton/GoNeat/GoNeat/population.go:88.49,89.65 1 1
github.com/jcatterton/GoNeat/GoNeat/population.go:89.65,91.5 1 1
github.com/jcatterton/GoNeat/GoNeat/population.go:97.31,98.32 1 0
github.com/jcatterton/GoNeat/GoNeat/population.go:101.2,101.25 1 0
github.com/jcatterton/GoNeat/GoNeat/population.go:98.32,100.3 1 0
github.com/jcatterton/GoNeat/GoNeat/population.go:104.48,106.32 2 1
github.com/jcatterton/GoNeat/GoNeat/population.go:109.2,109.19 1 1
github.com/jcatterton/GoNeat/GoNeat/population.go:106.32,108.3 1 1
github.com/jcatterton/GoNeat/GoNeat/species.go:17.48,19.25 2 1
github.com/jcatterton/GoNeat/GoNeat/species.go:22.2,23.19 2 1
github.com/jcatterton/GoNeat/GoNeat/species.go:19.25,21.3 1 1
github.com/jcatterton/GoNeat/GoNeat/species.go:26.42,28.2 1 1
github.com/jcatterton/GoNeat/GoNeat/species.go:30.43,32.2 1 1
github.com/jcatterton/GoNeat/GoNeat/species.go:34.39,36.2 1 1
github.com/jcatterton/GoNeat/GoNeat/species.go:38.41,40.2 1 1
github.com/jcatterton/GoNeat/GoNeat/species.go:42.39,44.2 1 1
github.com/jcatterton/GoNeat/GoNeat/species.go:46.41,48.2 1 1
github.com/jcatterton/GoNeat/GoNeat/species.go:50.37,52.2 1 1
github.com/jcatterton/GoNeat/GoNeat/species.go:54.41,56.2 1 1
github.com/jcatterton/GoNeat/GoNeat/species.go:58.33,59.28 1 1
github.com/jcatterton/GoNeat/GoNeat/species.go:62.2,65.32 3 1
github.com/jcatterton/GoNeat/GoNeat/species.go:73.2,73.50 1 1
github.com/jcatterton/GoNeat/GoNeat/species.go:59.28,61.3 1 1
github.com/jcatterton/GoNeat/GoNeat/species.go:65.32,66.63 1 1
github.com/jcatterton/GoNeat/GoNeat/species.go:66.63,70.4 3 1
github.com/jcatterton/GoNeat/GoNeat/species.go:73.50,75.3 1 1
github.com/jcatterton/GoNeat/GoNeat/species.go:78.46,80.2 1 1
github.com/jcatterton/GoNeat/GoNeat/species.go:82.47,84.2 1 1
github.com/jcatterton/GoNeat/GoNeat/species.go:86.48,88.2 1 1
github.com/jcatterton/GoNeat/GoNeat/species.go:90.42,92.32 2 1
github.com/jcatterton/GoNeat/GoNeat/species.go:97.2,97.36 1 1
github.com/jcatterton/GoNeat/GoNeat/species.go:92.32,93.53 1 1
github.com/jcatterton/GoNeat/GoNeat/species.go:93.53,95.4 1 1
github.com/jcatterton/GoNeat/GoNeat/species.go:100.28,102.32 2 1
github.com/jcatterton/GoNeat/GoNeat/species.go:108.2,109.25 2 1
github.com/jcatterton/GoNeat/GoNeat/species.go:102.32,104.34 2 1
github.com/jcatterton/GoNeat/GoNeat/species.go:104.34,106.4 1 1
github.com/jcatterton/GoNeat/GoNeat/species.go:112.51,116.40 3 1
github.com/jcatterton/GoNeat/GoNeat/species.go:123.2,124.46 2 1
github.com/jcatterton/GoNeat/GoNeat/species.go:143.2,147.14 4 1
github.com/jcatterton/GoNeat/GoNeat/species.go:116.40,119.3 2 0
github.com/jcatterton/GoNeat/GoNeat/species.go:119.8,122.3 2 1
github.com/jcatterton/GoNeat/GoNeat/species.go:124.46,126.100 1 0
github.com/jcatterton/GoNeat/GoNeat/species.go:126.100,130.117 1 0
github.com/jcatterton/GoNeat/GoNeat/species.go:130.117,139.5 6 0
github.com/jcatterton/GoNeat/GoNeat/species.go:150.36,151.44 1 1
github.com/jcatterton/GoNeat/GoNeat/species.go:151.44,153.3 1 1
github.com/jcatterton/GoNeat/GoNeat/species.go:156.33,163.39 5 1
github.com/jcatterton/GoNeat/GoNeat/species.go:167.2,167.46 1 1
github.com/jcatterton/GoNeat/GoNeat/species.go:163.39,165.3 1 1
github.com/jcatterton/GoNeat/GoNeat/species.go:170.48,171.25 1 1
github.com/jcatterton/GoNeat/GoNeat/species.go:174.2,176.39 3 1
github.com/jcatterton/GoNeat/GoNeat/species.go:181.2,181.75 1 1
github.com/jcatterton/GoNeat/GoNeat/species.go:171.25,173.3 1 1
github.com/jcatterton/GoNeat/GoNeat/species.go:176.39,179.3 2 1
github.com/jcatterton/GoNeat/GoNeat/connection.go:10.93,12.2 1 1
github.com/jcatterton/GoNeat/GoNeat/connection.go:14.42,16.2 1 1
github.com/jcatterton/GoNeat/GoNeat/connection.go:18.43,20.2 1 1
github.com/jcatterton/GoNeat/GoNeat/connection.go:22.39,24.2 1 1
github.com/jcatterton/GoNeat/GoNeat/connection.go:26.39,28.2 1 1
github.com/jcatterton/GoNeat/GoNeat/connection.go:30.40,32.2 1 1
github.com/jcatterton/GoNeat/GoNeat/connection.go:34.40,36.2 1 1
github.com/jcatterton/GoNeat/GoNeat/connection.go:38.48,40.2 1 1
github.com/jcatterton/GoNeat/GoNeat/connection.go:42.49,44.2 1 1
github.com/jcatterton/GoNeat/GoNeat/connection.go:46.42,49.2 2 1
github.com/jcatterton/GoNeat/GoNeat/genome.go:21.128,23.2 1 1
github.com/jcatterton/GoNeat/GoNeat/genome.go:25.48,28.29 3 1
github.com/jcatterton/GoNeat/GoNeat/genome.go:32.2,32.30 1 1
github.com/jcatterton/GoNeat/GoNeat/genome.go:36.2,37.29 1 1
github.com/jcatterton/GoNeat/GoNeat/genome.go:28.29,31.3 2 1
github.com/jcatterton/GoNeat/GoNeat/genome.go:32.30,35.3 2 1
github.com/jcatterton/GoNeat/GoNeat/genome.go:40.37,42.2 1 1
github.com/jcatterton/GoNeat/GoNeat/genome.go:44.43,46.30 2 1
github.com/jcatterton/GoNeat/GoNeat/genome.go:51.2,51.20 1 1
github.com/jcatterton/GoNeat/GoNeat/genome.go:46.30,47.85 1 1
github.com/jcatterton/GoNeat/GoNeat/genome.go:47.85,49.4 1 1
github.com/jcatterton/GoNeat/GoNeat/genome.go:54.59,56.30 2 1
github.com/jcatterton/GoNeat/GoNeat/genome.go:61.2,61.19 1 1
github.com/jcatterton/GoNeat/GoNeat/genome.go:56.30,57.37 1 1
github.com/jcatterton/GoNeat/GoNeat/genome.go:57.37,59.4 1 1
github.com/jcatterton/GoNeat/GoNeat/genome.go:64.62,66.30 2 1
github.com/jcatterton/GoNeat/GoNeat/genome.go:71.2,71.19 1 1
github.com/jcatterton/GoNeat/GoNeat/genome.go:66.30,67.37 1 1
github.com/jcatterton/GoNeat/GoNeat/genome.go:67.37,69.4 1 1
github.com/jcatterton/GoNeat/GoNeat/genome.go:74.35,78.2 3 1
github.com/jcatterton/GoNeat/GoNeat/genome.go:80.49,82.2 1 1
github.com/jcatterton/GoNeat/GoNeat/genome.go:84.47,88.2 3 1
github.com/jcatterton/GoNeat/GoNeat/genome.go:90.51,92.2 1 1
github.com/jcatterton/GoNeat/GoNeat/genome.go:94.63,96.2 1 1
github.com/jcatterton/GoNeat/GoNeat/genome.go:98.34,100.2 1 1
github.com/jcatterton/GoNeat/GoNeat/genome.go:102.36,104.2 1 1
github.com/jcatterton/GoNeat/GoNeat/genome.go:106.36,108.2 1 1
github.com/jcatterton/GoNeat/GoNeat/genome.go:110.35,112.2 1 1
github.com/jcatterton/GoNeat/GoNeat/genome.go:114.34,115.34 1 1
github.com/jcatterton/GoNeat/GoNeat/genome.go:118.2,123.88 5 1
github.com/jcatterton/GoNeat/GoNeat/genome.go:135.2,149.22 12 1
github.com/jcatterton/GoNeat/GoNeat/genome.go:115.34,117.3 1 1
github.com/jcatterton/GoNeat/GoNeat/genome.go:123.88,125.31 2 1
github.com/jcatterton/GoNeat/GoNeat/genome.go:130.3,130.22 1 1
github.com/jcatterton/GoNeat/GoNeat/genome.go:125.31,126.47 1 1
github.com/jcatterton/GoNeat/GoNeat/genome.go:126.47,128.5 1 1
github.com/jcatterton/GoNeat/GoNeat/genome.go:131.8,131.94 1 0
github.com/jcatterton/GoNeat/GoNeat/genome.go:131.94,134.3 1 0
github.com/jcatterton/GoNeat/GoNeat/genome.go:152.40,153.26 1 1
github.com/jcatterton/GoNeat/GoNeat/genome.go:157.2,160.99 4 1
github.com/jcatterton/GoNeat/GoNeat/genome.go:167.2,171.33 4 1
github.com/jcatterton/GoNeat/GoNeat/genome.go:153.26,155.3 1 1
github.com/jcatterton/GoNeat/GoNeat/genome.go:160.99,165.3 4 1
github.com/jcatterton/GoNeat/GoNeat/genome.go:174.42,175.30 1 1
github.com/jcatterton/GoNeat/GoNeat/genome.go:182.2,182.13 1 1
github.com/jcatterton/GoNeat/GoNeat/genome.go:175.30,176.31 1 1
github.com/jcatterton/GoNeat/GoNeat/genome.go:176.31,177.115 1 1
github.com/jcatterton/GoNeat/GoNeat/genome.go:177.115,179.5 1 1
github.com/jcatterton/GoNeat/GoNeat/genome.go:185.51,186.23 1 1
github.com/jcatterton/GoNeat/GoNeat/genome.go:190.2,191.30 2 1
github.com/jcatterton/GoNeat/GoNeat/genome.go:196.2,196.21 1 1
github.com/jcatterton/GoNeat/GoNeat/genome.go:186.23,188.3 1 1
github.com/jcatterton/GoNeat/GoNeat/genome.go:191.30,192.38 1 1
github.com/jcatterton/GoNeat/GoNeat/genome.go:192.38,194.4 1 1
github.com/jcatterton/GoNeat/GoNeat/genome.go:199.37,200.42 1 1
github.com/jcatterton/GoNeat/GoNeat/genome.go:200.42,202.3 1 1
github.com/jcatterton/GoNeat/GoNeat/genome.go:205.32,209.30 3 1
github.com/jcatterton/GoNeat/GoNeat/genome.go:219.2,219.23 1 1
github.com/jcatterton/GoNeat/GoNeat/genome.go:209.30,210.38 1 1
github.com/jcatterton/GoNeat/GoNeat/genome.go:210.38,211.58 1 1
github.com/jcatterton/GoNeat/GoNeat/genome.go:215.4,216.29 2 1
github.com/jcatterton/GoNeat/GoNeat/genome.go:211.58,214.5 1 1
github.com/jcatterton/GoNeat/GoNeat/genome.go:222.38,224.2 1 1
github.com/jcatterton/GoNeat/GoNeat/genome.go:226.40,228.2 1 1
github.com/jcatterton/GoNeat/GoNeat/genome.go:230.46,232.2 1 1
github.com/jcatterton/GoNeat/GoNeat/genome.go:234.39,236.2 1 1
github.com/jcatterton/GoNeat/GoNeat/genome.go:238.40,240.2 1 1
github.com/jcatterton/GoNeat/GoNeat/genome.go:242.34,246.30 3 1
github.com/jcatterton/GoNeat/GoNeat/genome.go:249.2,249.36 1 1
github.com/jcatterton/GoNeat/GoNeat/genome.go:252.2,252.36 1 1
github.com/jcatterton/GoNeat/GoNeat/genome.go:256.2,256.30 1 1
github.com/jcatterton/GoNeat/GoNeat/genome.go:271.2,274.18 2 1
github.com/jcatterton/GoNeat/GoNeat/genome.go:246.30,248.3 1 1
github.com/jcatterton/GoNeat/GoNeat/genome.go:249.36,251.3 1 0
github.com/jcatterton/GoNeat/GoNeat/genome.go:252.36,255.3 2 0
github.com/jcatterton/GoNeat/GoNeat/genome.go:256.30,257.55 1 1
github.com/jcatterton/GoNeat/GoNeat/genome.go:263.3,263.54 1 1
github.com/jcatterton/GoNeat/GoNeat/genome.go:257.55,258.59 1 0
github.com/jcatterton/GoNeat/GoNeat/genome.go:258.59,261.5 1 0
github.com/jcatterton/GoNeat/GoNeat/genome.go:263.54,264.58 1 0
github.com/jcatterton/GoNeat/GoNeat/genome.go:264.58,267.5 1 0
github.com/jcatterton/GoNeat/GoNeat/genome.go:277.47,278.23 1 1
github.com/jcatterton/GoNeat/GoNeat/genome.go:283.2,283.11 1 1
github.com/jcatterton/GoNeat/GoNeat/genome.go:278.23,279.23 1 1
github.com/jcatterton/GoNeat/GoNeat/genome.go:279.23,281.4 1 1
github.com/jcatterton/GoNeat/GoNeat/genome.go:286.57,287.23 1 1
github.com/jcatterton/GoNeat/GoNeat/genome.go:292.2,292.11 1 0
github.com/jcatterton/GoNeat/GoNeat/genome.go:287.23,288.67 1 1
github.com/jcatterton/GoNeat/GoNeat/genome.go:288.67,290.4 1 1
github.com/jcatterton/GoNeat/GoNeat/genome.go:295.77,296.29 1 1
github.com/jcatterton/GoNeat/GoNeat/genome.go:301.2,301.11 1 1
github.com/jcatterton/GoNeat/GoNeat/genome.go:296.29,297.35 1 1
github.com/jcatterton/GoNeat/GoNeat/genome.go:297.35,299.4 1 1
github.com/jcatterton/GoNeat/GoNeat/genome.go:304.87,305.29 1 0
github.com/jcatterton/GoNeat/GoNeat/genome.go:310.2,310.11 1 0
github.com/jcatterton/GoNeat/GoNeat/genome.go:305.29,306.79 1 0
github.com/jcatterton/GoNeat/GoNeat/genome.go:306.79,308.4 1 0
github.com/jcatterton/GoNeat/GoNeat/genome.go:313.51,315.45 2 1
github.com/jcatterton/GoNeat/GoNeat/genome.go:319.2,319.35 1 1
github.com/jcatterton/GoNeat/GoNeat/genome.go:323.2,323.28 1 1
github.com/jcatterton/GoNeat/GoNeat/genome.go:327.2,327.12 1 1
github.com/jcatterton/GoNeat/GoNeat/genome.go:315.45,317.3 1 1
github.com/jcatterton/GoNeat/GoNeat/genome.go:319.35,322.3 1 1
github.com/jcatterton/GoNeat/GoNeat/genome.go:323.28,326.3 2 1
github.com/jcatterton/GoNeat/GoNeat/genome.go:330.31,331.20 1 1
github.com/jcatterton/GoNeat/GoNeat/genome.go:335.2,336.36 2 1
github.com/jcatterton/GoNeat/GoNeat/genome.go:343.2,344.27 2 1
github.com/jcatterton/GoNeat/GoNeat/genome.go:348.2,349.28 2 1
github.com/jcatterton/GoNeat/GoNeat/genome.go:353.2,353.16 1 1
github.com/jcatterton/GoNeat/GoNeat/genome.go:331.20,333.3 1 1
github.com/jcatterton/GoNeat/GoNeat/genome.go:336.36,338.28 2 0
github.com/jcatterton/GoNeat/GoNeat/genome.go:338.28,341.4 2 0
github.com/jcatterton/GoNeat/GoNeat/genome.go:344.27,347.3 2 1
github.com/jcatterton/GoNeat/GoNeat/genome.go:349.28,352.3 2 1
github.com/jcatterton/GoNeat/GoNeat/genome.go:356.41,360.29 3 1
github.com/jcatterton/GoNeat/GoNeat/genome.go:364.2,364.16 1 1
github.com/jcatterton/GoNeat/GoNeat/genome.go:360.29,362.3 1 1
github.com/jcatterton/GoNeat/GoNeat/genome.go:367.46,368.36 1 1
github.com/jcatterton/GoNeat/GoNeat/genome.go:368.36,371.78 1 1
github.com/jcatterton/GoNeat/GoNeat/genome.go:371.78,374.4 2 1
github.com/jcatterton/GoNeat/GoNeat/genome.go:378.40,379.30 1 1
github.com/jcatterton/GoNeat/GoNeat/genome.go:379.30,381.90 2 1
github.com/jcatterton/GoNeat/GoNeat/genome.go:392.3,392.103 1 1
github.com/jcatterton/GoNeat/GoNeat/genome.go:381.90,391.4 4 0
github.com/jcatterton/GoNeat/GoNeat/genome.go:392.103,402.4 4 1
github.com/jcatterton/GoNeat/GoNeat/genome.go:406.35,408.2 1 1
github.com/jcatterton/GoNeat/GoNeat/genome.go:410.40,412.2 1 1
github.com/jcatterton/GoNeat/GoNeat/genome_drawer.go:17.54,21.2 3 0
github.com/jcatterton/GoNeat/GoNeat/genome_drawer.go:23.12,29.37 4 0
github.com/jcatterton/GoNeat/GoNeat/genome_drawer.go:64.2,64.15 1 0
github.com/jcatterton/GoNeat/GoNeat/genome_drawer.go:29.37,30.45 1 0
github.com/jcatterton/GoNeat/GoNeat/genome_drawer.go:30.45,41.51 5 0
github.com/jcatterton/GoNeat/GoNeat/genome_drawer.go:46.4,50.73 3 0
github.com/jcatterton/GoNeat/GoNeat/genome_drawer.go:41.51,43.5 1 0
github.com/jcatterton/GoNeat/GoNeat/genome_drawer.go:43.10,45.5 1 0
github.com/jcatterton/GoNeat/GoNeat/genome_drawer.go:50.73,61.5 3 0
